2025-09-13 16:05:14.717 xcodebuild[88481:4476030]  DVTDeviceOperation: Encountered a build number "" that is incompatible with DVTBuildVersion.
2025-09-13 16:05:14.963 xcodebuild[88481:4475921] [MT] DVTDeviceOperation: Encountered a build number "" that is incompatible with DVTBuildVersion.
2025-09-13 16:05:15.130 xcodebuild[88481:4476030]  DVTAssertions: Warning in DVTiOSFrameworks/DTDeviceKitBase/DTDKRemoteDeviceData.m:409
Details:  (null) deviceType from cdc25b48d0f0e2b181b7a87b14dce337b5408a02 was NULL when -platform called.
Object:   <DTDKMobileDeviceToken: 0x13e6501b0>
Method:   -platform
Thread:   <NSThread: 0x6000029ee040>{number = 3, name = (null)}
Please file a bug at https://feedbackassistant.apple.com with this warning message and any useful information you can provide.
2025-09-13 16:06:15.244 xcodebuild[88481:4475921] Writing error result bundle to /var/folders/5t/4wcdq9g15dv3012__mj_0hb80000gn/T/ResultBundle_2025-13-09_16-06-0015.xcresult
xcodebuild: error: Unable to find a device matching the provided destination specifier:
		{ id:cdc25b48d0f0e2b181b7a87b14dce337b5408a02 }

	The requested device could not be found because no available devices matched the request.

	Available destinations for the "FishingGame" scheme:
		{ platform:macOS, arch:arm64, variant:Designed for [iPad,iPhone], id:00006041-000071913420801C, name:My Mac }
		{ platform:iOS, id:dvtdevice-DVTiPhonePlaceholder-iphoneos:placeholder, name:Any iOS Device }
		{ platform:iOS Simulator, id:dvtdevice-DVTiOSDeviceSimulatorPlaceholder-iphonesimulator:placeholder, name:Any iOS Simulator Device }
		{ platform:visionOS Simulator, arch:arm64, variant:Designed for [iPad,iPhone], id:B1FB9E91-FAE8-48F5-BB2A-E91781B25D40, OS:2.2, name:Apple Vision Pro }
		{ platform:visionOS Simulator, arch:arm64, variant:Designed for [iPad,iPhone], id:29922674-1493-4152-98D3-DD2EB147F1CB, OS:2.5, name:Apple Vision Pro }
		{ platform:iOS Simulator, arch:arm64, id:381BADE9-A796-461A-B506-C417A716BE20, OS:16.4, name:iPad (10th generation) }
		{ platform:iOS Simulator, arch:x86_64, id:381BADE9-A796-461A-B506-C417A716BE20, OS:16.4, name:iPad (10th generation) }
		{ platform:iOS Simulator, arch:arm64, id:8E5195CB-396F-4497-B33A-F53148BEE3B4, OS:17.5, name:iPad (10th generation) }
		{ platform:iOS Simulator, arch:x86_64, id:8E5195CB-396F-4497-B33A-F53148BEE3B4, OS:17.5, name:iPad (10th generation) }
		{ platform:iOS Simulator, arch:arm64, id:E472CA12-0AB5-4436-B1B7-59EDBE433452, OS:18.2, name:iPad (10th generation) }
		{ platform:iOS Simulator, arch:x86_64, id:E472CA12-0AB5-4436-B1B7-59EDBE433452, OS:18.2, name:iPad (10th generation) }
		{ platform:iOS Simulator, arch:arm64, id:3260A67E-5361-4E03-9159-0FE2B377D6E6, OS:18.3.1, name:iPad (10th generation) }
		{ platform:iOS Simulator, arch:x86_64, id:3260A67E-5361-4E03-9159-0FE2B377D6E6, OS:18.3.1, name:iPad (10th generation) }
		{ platform:iOS Simulator, arch:arm64, id:C83D234E-0219-4ED8-9925-0ED67A2EC544, OS:18.3.1, name:iPad (A16) }
		{ platform:iOS Simulator, arch:x86_64, id:C83D234E-0219-4ED8-9925-0ED67A2EC544, OS:18.3.1, name:iPad (A16) }
		{ platform:iOS Simulator, arch:arm64, id:0C0F6DB8-4C95-4BE7-9A78-A55E062C8887, OS:18.5, name:iPad (A16) }
		{ platform:iOS Simulator, arch:x86_64, id:0C0F6DB8-4C95-4BE7-9A78-A55E062C8887, OS:18.5, name:iPad (A16) }
		{ platform:iOS Simulator, arch:arm64, id:97AE44BB-775B-4731-8CBF-2DF1D5A82D69, OS:16.4, name:iPad Air (5th generation) }
		{ platform:iOS Simulator, arch:x86_64, id:97AE44BB-775B-4731-8CBF-2DF1D5A82D69, OS:16.4, name:iPad Air (5th generation) }
		{ platform:iOS Simulator, arch:arm64, id:869F99E3-68A6-41A5-917D-0B833FEB33AF, OS:17.5, name:iPad Air 11-inch (M2) }
		{ platform:iOS Simulator, arch:x86_64, id:869F99E3-68A6-41A5-917D-0B833FEB33AF, OS:17.5, name:iPad Air 11-inch (M2) }
		{ platform:iOS Simulator, arch:arm64, id:743C75AE-F1EB-4321-B9F3-EA9BFEA8EF21, OS:18.2, name:iPad Air 11-inch (M2) }
		{ platform:iOS Simulator, arch:x86_64, id:743C75AE-F1EB-4321-B9F3-EA9BFEA8EF21, OS:18.2, name:iPad Air 11-inch (M2) }
		{ platform:iOS Simulator, arch:arm64, id:493B751A-04D7-47A7-85C6-65E8D3B838D8, OS:18.3.1, name:iPad Air 11-inch (M2) }
		{ platform:iOS Simulator, arch:x86_64, id:493B751A-04D7-47A7-85C6-65E8D3B838D8, OS:18.3.1, name:iPad Air 11-inch (M2) }
		{ platform:iOS Simulator, arch:arm64, id:243CFFA8-0234-44F6-9822-0FB7F06E2501, OS:18.3.1, name:iPad Air 11-inch (M3) }
		{ platform:iOS Simulator, arch:x86_64, id:243CFFA8-0234-44F6-9822-0FB7F06E2501, OS:18.3.1, name:iPad Air 11-inch (M3) }
		{ platform:iOS Simulator, arch:arm64, id:80C9F942-23A1-4759-A154-5621A60952BA, OS:18.5, name:iPad Air 11-inch (M3) }
		{ platform:iOS Simulator, arch:x86_64, id:80C9F942-23A1-4759-A154-5621A60952BA, OS:18.5, name:iPad Air 11-inch (M3) }
		{ platform:iOS Simulator, arch:arm64, id:62B700F3-47DF-4C09-A284-6585EF87AD8B, OS:17.5, name:iPad Air 13-inch (M2) }
		{ platform:iOS Simulator, arch:x86_64, id:62B700F3-47DF-4C09-A284-6585EF87AD8B, OS:17.5, name:iPad Air 13-inch (M2) }
		{ platform:iOS Simulator, arch:arm64, id:1B064896-2B29-43F7-A1A9-B5D41BA719A0, OS:18.2, name:iPad Air 13-inch (M2) }
		{ platform:iOS Simulator, arch:x86_64, id:1B064896-2B29-43F7-A1A9-B5D41BA719A0, OS:18.2, name:iPad Air 13-inch (M2) }
		{ platform:iOS Simulator, arch:arm64, id:A28A26C6-CE39-48AB-B98B-0A705C8F94F4, OS:18.3.1, name:iPad Air 13-inch (M2) }
		{ platform:iOS Simulator, arch:x86_64, id:A28A26C6-CE39-48AB-B98B-0A705C8F94F4, OS:18.3.1, name:iPad Air 13-inch (M2) }
		{ platform:iOS Simulator, arch:arm64, id:6DD0C75B-6119-4426-8DE4-77FA644A5E42, OS:18.3.1, name:iPad Air 13-inch (M3) }
		{ platform:iOS Simulator, arch:x86_64, id:6DD0C75B-6119-4426-8DE4-77FA644A5E42, OS:18.3.1, name:iPad Air 13-inch (M3) }
		{ platform:iOS Simulator, arch:arm64, id:20A499C3-558C-420D-8BB7-AF5A5E516204, OS:18.5, name:iPad Air 13-inch (M3) }
		{ platform:iOS Simulator, arch:x86_64, id:20A499C3-558C-420D-8BB7-AF5A5E516204, OS:18.5, name:iPad Air 13-inch (M3) }
		{ platform:iOS Simulator, arch:arm64, id:5DCC2FE4-C493-4F78-8A12-BC5B1382DC46, OS:16.4, name:iPad Pro (11-inch) (4th generation) }
		{ platform:iOS Simulator, arch:x86_64, id:5DCC2FE4-C493-4F78-8A12-BC5B1382DC46, OS:16.4, name:iPad Pro (11-inch) (4th generation) }
		{ platform:iOS Simulator, arch:arm64, id:D8C982E3-D744-42B3-92C7-EA877E630D4C, OS:16.4, name:iPad Pro (12.9-inch) (6th generation) }
		{ platform:iOS Simulator, arch:x86_64, id:D8C982E3-D744-42B3-92C7-EA877E630D4C, OS:16.4, name:iPad Pro (12.9-inch) (6th generation) }
		{ platform:iOS Simulator, arch:arm64, id:7A8F651B-C655-4DEC-B454-0C121723427C, OS:17.5, name:iPad Pro 11-inch (M4) }
		{ platform:iOS Simulator, arch:x86_64, id:7A8F651B-C655-4DEC-B454-0C121723427C, OS:17.5, name:iPad Pro 11-inch (M4) }
		{ platform:iOS Simulator, arch:arm64, id:F5822293-0FC2-4DE3-A7C7-9386770516BC, OS:18.2, name:iPad Pro 11-inch (M4) }
		{ platform:iOS Simulator, arch:x86_64, id:F5822293-0FC2-4DE3-A7C7-9386770516BC, OS:18.2, name:iPad Pro 11-inch (M4) }
		{ platform:iOS Simulator, arch:arm64, id:DDB51D6D-47C6-4221-B4AA-FA4B31B25BA7, OS:18.3.1, name:iPad Pro 11-inch (M4) }
		{ platform:iOS Simulator, arch:x86_64, id:DDB51D6D-47C6-4221-B4AA-FA4B31B25BA7, OS:18.3.1, name:iPad Pro 11-inch (M4) }
		{ platform:iOS Simulator, arch:arm64, id:BAD7FD73-114D-4510-8772-8E9CEBA95C8F, OS:18.5, name:iPad Pro 11-inch (M4) }
		{ platform:iOS Simulator, arch:x86_64, id:BAD7FD73-114D-4510-8772-8E9CEBA95C8F, OS:18.5, name:iPad Pro 11-inch (M4) }
		{ platform:iOS Simulator, arch:arm64, id:D9C3394E-12AB-4E49-9460-2097DD053B64, OS:17.5, name:iPad Pro 13-inch (M4) }
		{ platform:iOS Simulator, arch:x86_64, id:D9C3394E-12AB-4E49-9460-2097DD053B64, OS:17.5, name:iPad Pro 13-inch (M4) }
		{ platform:iOS Simulator, arch:arm64, id:CE867FDA-C034-4F6E-BBA9-BB9744DF712E, OS:18.2, name:iPad Pro 13-inch (M4) }
		{ platform:iOS Simulator, arch:x86_64, id:CE867FDA-C034-4F6E-BBA9-BB9744DF712E, OS:18.2, name:iPad Pro 13-inch (M4) }
		{ platform:iOS Simulator, arch:arm64, id:7EE5F2C0-A1F8-474E-82D1-B7B72F17ED45, OS:18.3.1, name:iPad Pro 13-inch (M4) }
		{ platform:iOS Simulator, arch:x86_64, id:7EE5F2C0-A1F8-474E-82D1-B7B72F17ED45, OS:18.3.1, name:iPad Pro 13-inch (M4) }
		{ platform:iOS Simulator, arch:arm64, id:9B65176D-DC99-4452-8812-2F151ABEFB95, OS:18.5, name:iPad Pro 13-inch (M4) }
		{ platform:iOS Simulator, arch:x86_64, id:9B65176D-DC99-4452-8812-2F151ABEFB95, OS:18.5, name:iPad Pro 13-inch (M4) }
		{ platform:iOS Simulator, arch:arm64, id:64B2F7F5-3F07-47D2-AFC1-35E0B5D0F79F, OS:16.4, name:iPad mini (6th generation) }
		{ platform:iOS Simulator, arch:x86_64, id:64B2F7F5-3F07-47D2-AFC1-35E0B5D0F79F, OS:16.4, name:iPad mini (6th generation) }
		{ platform:iOS Simulator, arch:arm64, id:FE80EB3E-3A7D-44F6-81D0-69949924C1A6, OS:17.5, name:iPad mini (6th generation) }
		{ platform:iOS Simulator, arch:x86_64, id:FE80EB3E-3A7D-44F6-81D0-69949924C1A6, OS:17.5, name:iPad mini (6th generation) }
		{ platform:iOS Simulator, arch:arm64, id:26D3A020-4C63-4305-BFFE-9DB793179F6F, OS:18.2, name:iPad mini (A17 Pro) }
		{ platform:iOS Simulator, arch:x86_64, id:26D3A020-4C63-4305-BFFE-9DB793179F6F, OS:18.2, name:iPad mini (A17 Pro) }
		{ platform:iOS Simulator, arch:arm64, id:EFF18CED-8C9E-4E8C-A42F-A54EC6824B0F, OS:18.3.1, name:iPad mini (A17 Pro) }
		{ platform:iOS Simulator, arch:x86_64, id:EFF18CED-8C9E-4E8C-A42F-A54EC6824B0F, OS:18.3.1, name:iPad mini (A17 Pro) }
		{ platform:iOS Simulator, arch:arm64, id:13CC5689-F1D8-4C4A-9832-45ACD4E8FE23, OS:18.5, name:iPad mini (A17 Pro) }
		{ platform:iOS Simulator, arch:x86_64, id:13CC5689-F1D8-4C4A-9832-45ACD4E8FE23, OS:18.5, name:iPad mini (A17 Pro) }
		{ platform:iOS Simulator, arch:arm64, id:08FD69B3-A134-4D54-8D1D-7433C7A195F9, OS:18.2, name:iPhone 11 Pro Max }
		{ platform:iOS Simulator, arch:x86_64, id:08FD69B3-A134-4D54-8D1D-7433C7A195F9, OS:18.2, name:iPhone 11 Pro Max }
		{ platform:iOS Simulator, arch:arm64, id:F5D10105-8DF8-4496-B3C1-24C70DA2F265, OS:16.4, name:iPhone 14 }
		{ platform:iOS Simulator, arch:x86_64, id:F5D10105-8DF8-4496-B3C1-24C70DA2F265, OS:16.4, name:iPhone 14 }
		{ platform:iOS Simulator, arch:arm64, id:952476E7-DF4A-471F-889A-1274A37908DA, OS:16.4, name:iPhone 14 Plus }
		{ platform:iOS Simulator, arch:x86_64, id:952476E7-DF4A-471F-889A-1274A37908DA, OS:16.4, name:iPhone 14 Plus }
		{ platform:iOS Simulator, arch:arm64, id:64E37732-F529-4370-9CFD-8708B411DA68, OS:16.4, name:iPhone 14 Pro }
		{ platform:iOS Simulator, arch:x86_64, id:64E37732-F529-4370-9CFD-8708B411DA68, OS:16.4, name:iPhone 14 Pro }
		{ platform:iOS Simulator, arch:arm64, id:B478F577-6552-429D-9367-B31AECA55611, OS:16.4, name:iPhone 14 Pro Max }
		{ platform:iOS Simulator, arch:x86_64, id:B478F577-6552-429D-9367-B31AECA55611, OS:16.4, name:iPhone 14 Pro Max }
		{ platform:iOS Simulator, arch:arm64, id:190CA835-8A35-4F25-9DAA-50ABF3274C43, OS:17.5, name:iPhone 15 }
		{ platform:iOS Simulator, arch:x86_64, id:190CA835-8A35-4F25-9DAA-50ABF3274C43, OS:17.5, name:iPhone 15 }
		{ platform:iOS Simulator, arch:arm64, id:496F8C6C-BF46-400A-92D9-E8C0CC34A511, OS:17.5, name:iPhone 15 Plus }
		{ platform:iOS Simulator, arch:x86_64, id:496F8C6C-BF46-400A-92D9-E8C0CC34A511, OS:17.5, name:iPhone 15 Plus }
		{ platform:iOS Simulator, arch:arm64, id:EC9E1251-4995-4B45-BD8D-E129976987A6, OS:17.5, name:iPhone 15 Pro }
		{ platform:iOS Simulator, arch:x86_64, id:EC9E1251-4995-4B45-BD8D-E129976987A6, OS:17.5, name:iPhone 15 Pro }
		{ platform:iOS Simulator, arch:arm64, id:79A8F7DA-7737-4B23-A4A4-11D51CC26E3E, OS:17.5, name:iPhone 15 Pro Max }
		{ platform:iOS Simulator, arch:x86_64, id:79A8F7DA-7737-4B23-A4A4-11D51CC26E3E, OS:17.5, name:iPhone 15 Pro Max }
		{ platform:iOS Simulator, arch:arm64, id:0A2EDAEA-5C03-423F-ABC9-D36C9A12C2F1, OS:18.2, name:iPhone 16 }
		{ platform:iOS Simulator, arch:x86_64, id:0A2EDAEA-5C03-423F-ABC9-D36C9A12C2F1, OS:18.2, name:iPhone 16 }
		{ platform:iOS Simulator, arch:arm64, id:A2EB8538-D651-46C3-8C9F-447A6129DBD7, OS:18.3.1, name:iPhone 16 }
		{ platform:iOS Simulator, arch:x86_64, id:A2EB8538-D651-46C3-8C9F-447A6129DBD7, OS:18.3.1, name:iPhone 16 }
		{ platform:iOS Simulator, arch:arm64, id:3595F5AD-4FBF-409F-A01F-6F9F2287BFA1, OS:18.5, name:iPhone 16 }
		{ platform:iOS Simulator, arch:x86_64, id:3595F5AD-4FBF-409F-A01F-6F9F2287BFA1, OS:18.5, name:iPhone 16 }
		{ platform:iOS Simulator, arch:arm64, id:FB62555B-7C36-488F-AF63-878C1F63BBE8, OS:18.2, name:iPhone 16 Plus }
		{ platform:iOS Simulator, arch:x86_64, id:FB62555B-7C36-488F-AF63-878C1F63BBE8, OS:18.2, name:iPhone 16 Plus }
		{ platform:iOS Simulator, arch:arm64, id:38F7D1A7-AF99-4416-838A-D930634AA636, OS:18.3.1, name:iPhone 16 Plus }
		{ platform:iOS Simulator, arch:x86_64, id:38F7D1A7-AF99-4416-838A-D930634AA636, OS:18.3.1, name:iPhone 16 Plus }
		{ platform:iOS Simulator, arch:arm64, id:034F5A44-2002-4746-9B71-ECC52CBCC198, OS:18.5, name:iPhone 16 Plus }
		{ platform:iOS Simulator, arch:x86_64, id:034F5A44-2002-4746-9B71-ECC52CBCC198, OS:18.5, name:iPhone 16 Plus }
		{ platform:iOS Simulator, arch:arm64, id:ED9E1BDE-A76E-4FBF-BCE2-F09F51421746, OS:18.2, name:iPhone 16 Pro }
		{ platform:iOS Simulator, arch:x86_64, id:ED9E1BDE-A76E-4FBF-BCE2-F09F51421746, OS:18.2, name:iPhone 16 Pro }
		{ platform:iOS Simulator, arch:arm64, id:693E465D-31F3-4EC3-9164-FCB5D6310517, OS:18.3.1, name:iPhone 16 Pro }
		{ platform:iOS Simulator, arch:x86_64, id:693E465D-31F3-4EC3-9164-FCB5D6310517, OS:18.3.1, name:iPhone 16 Pro }
		{ platform:iOS Simulator, arch:arm64, id:EECABBC0-3618-4236-B519-82D5C71CE1D6, OS:18.5, name:iPhone 16 Pro }
		{ platform:iOS Simulator, arch:x86_64, id:EECABBC0-3618-4236-B519-82D5C71CE1D6, OS:18.5, name:iPhone 16 Pro }
		{ platform:iOS Simulator, arch:arm64, id:F88AA787-DF48-4D65-9927-8CEE36A56550, OS:18.2, name:iPhone 16 Pro Max }
		{ platform:iOS Simulator, arch:x86_64, id:F88AA787-DF48-4D65-9927-8CEE36A56550, OS:18.2, name:iPhone 16 Pro Max }
		{ platform:iOS Simulator, arch:arm64, id:5749F763-7DCB-42AD-A88B-2A0F3626B36C, OS:18.3.1, name:iPhone 16 Pro Max }
		{ platform:iOS Simulator, arch:x86_64, id:5749F763-7DCB-42AD-A88B-2A0F3626B36C, OS:18.3.1, name:iPhone 16 Pro Max }
		{ platform:iOS Simulator, arch:arm64, id:E3E0327B-B234-418B-B38D-DF28438D7CF2, OS:18.5, name:iPhone 16 Pro Max }
		{ platform:iOS Simulator, arch:x86_64, id:E3E0327B-B234-418B-B38D-DF28438D7CF2, OS:18.5, name:iPhone 16 Pro Max }
		{ platform:iOS Simulator, arch:arm64, id:79780A55-E6CE-4A07-934D-4B7D1F0B52D1, OS:18.3.1, name:iPhone 16e }
		{ platform:iOS Simulator, arch:x86_64, id:79780A55-E6CE-4A07-934D-4B7D1F0B52D1, OS:18.3.1, name:iPhone 16e }
		{ platform:iOS Simulator, arch:arm64, id:7F24A80B-F5C2-4754-AC8C-7F9C0F0C9022, OS:18.5, name:iPhone 16e }
		{ platform:iOS Simulator, arch:x86_64, id:7F24A80B-F5C2-4754-AC8C-7F9C0F0C9022, OS:18.5, name:iPhone 16e }
		{ platform:iOS Simulator, arch:arm64, id:CF980BA9-15B7-4423-8040-484C438DEBA6, OS:16.4, name:iPhone SE (3rd generation) }
		{ platform:iOS Simulator, arch:x86_64, id:CF980BA9-15B7-4423-8040-484C438DEBA6, OS:16.4, name:iPhone SE (3rd generation) }
		{ platform:iOS Simulator, arch:arm64, id:D10C8D97-E641-4A1B-BCF2-3EC814EF3B08, OS:17.5, name:iPhone SE (3rd generation) }
		{ platform:iOS Simulator, arch:x86_64, id:D10C8D97-E641-4A1B-BCF2-3EC814EF3B08, OS:17.5, name:iPhone SE (3rd generation) }
		{ platform:iOS Simulator, arch:arm64, id:E0CC9BBA-A97E-4110-B4FF-CA6482B64355, OS:18.2, name:iPhone SE (3rd generation) }
		{ platform:iOS Simulator, arch:x86_64, id:E0CC9BBA-A97E-4110-B4FF-CA6482B64355, OS:18.2, name:iPhone SE (3rd generation) }
		{ platform:iOS Simulator, arch:arm64, id:E30FBE4E-CBC0-42B1-A675-CBDC10CB7483, OS:18.3.1, name:iPhone SE (3rd generation) }
		{ platform:iOS Simulator, arch:x86_64, id:E30FBE4E-CBC0-42B1-A675-CBDC10CB7483, OS:18.3.1, name:iPhone SE (3rd generation) }

	Ineligible destinations for the "FishingGame" scheme:
		{ platform:iOS, id:cdc25b48d0f0e2b181b7a87b14dce337b5408a02, name:☺︎ ∞ Mos ∞ ☺︎, error:To use ☺︎ ∞ Mos ∞ ☺︎ for development, enable Developer Mode in Settings → Privacy & Security.  }
